  Start.cpp
  Simulation.cpp
c:\users\cta9207\desktop\cellular-automata-predator-vs.-prey\cellular automata - predator and prey\simulation.cpp(29): warning C4244: 'argument': conversion from 'double' to 'int', possible loss of data
c:\users\cta9207\desktop\cellular-automata-predator-vs.-prey\cellular automata - predator and prey\simulation.cpp(30): warning C4244: 'argument': conversion from 'double' to 'int', possible loss of data
  Cell.cpp
  Generating Code...
  glad.c
glfw3.lib(context.obj) : warning LNK4099: PDB 'glfw.pdb' was not found with 'glfw3.lib(context.obj)' or at 'C:\Users\cta9207\Desktop\Cellular-Automata-Predator-vs.-Prey\Cellular Automata - Predator and Prey\Debug\glfw.pdb'; linking object as if no debug info
glfw3.lib(init.obj) : warning LNK4099: PDB 'glfw.pdb' was not found with 'glfw3.lib(init.obj)' or at 'C:\Users\cta9207\Desktop\Cellular-Automata-Predator-vs.-Prey\Cellular Automata - Predator and Prey\Debug\glfw.pdb'; linking object as if no debug info
glfw3.lib(input.obj) : warning LNK4099: PDB 'glfw.pdb' was not found with 'glfw3.lib(input.obj)' or at 'C:\Users\cta9207\Desktop\Cellular-Automata-Predator-vs.-Prey\Cellular Automata - Predator and Prey\Debug\glfw.pdb'; linking object as if no debug info
glfw3.lib(monitor.obj) : warning LNK4099: PDB 'glfw.pdb' was not found with 'glfw3.lib(monitor.obj)' or at 'C:\Users\cta9207\Desktop\Cellular-Automata-Predator-vs.-Prey\Cellular Automata - Predator and Prey\Debug\glfw.pdb'; linking object as if no debug info
glfw3.lib(vulkan.obj) : warning LNK4099: PDB 'glfw.pdb' was not found with 'glfw3.lib(vulkan.obj)' or at 'C:\Users\cta9207\Desktop\Cellular-Automata-Predator-vs.-Prey\Cellular Automata - Predator and Prey\Debug\glfw.pdb'; linking object as if no debug info
glfw3.lib(window.obj) : warning LNK4099: PDB 'glfw.pdb' was not found with 'glfw3.lib(window.obj)' or at 'C:\Users\cta9207\Desktop\Cellular-Automata-Predator-vs.-Prey\Cellular Automata - Predator and Prey\Debug\glfw.pdb'; linking object as if no debug info
glfw3.lib(win32_init.obj) : warning LNK4099: PDB 'glfw.pdb' was not found with 'glfw3.lib(win32_init.obj)' or at 'C:\Users\cta9207\Desktop\Cellular-Automata-Predator-vs.-Prey\Cellular Automata - Predator and Prey\Debug\glfw.pdb'; linking object as if no debug info
glfw3.lib(win32_joystick.obj) : warning LNK4099: PDB 'glfw.pdb' was not found with 'glfw3.lib(win32_joystick.obj)' or at 'C:\Users\cta9207\Desktop\Cellular-Automata-Predator-vs.-Prey\Cellular Automata - Predator and Prey\Debug\glfw.pdb'; linking object as if no debug info
glfw3.lib(win32_monitor.obj) : warning LNK4099: PDB 'glfw.pdb' was not found with 'glfw3.lib(win32_monitor.obj)' or at 'C:\Users\cta9207\Desktop\Cellular-Automata-Predator-vs.-Prey\Cellular Automata - Predator and Prey\Debug\glfw.pdb'; linking object as if no debug info
glfw3.lib(win32_time.obj) : warning LNK4099: PDB 'glfw.pdb' was not found with 'glfw3.lib(win32_time.obj)' or at 'C:\Users\cta9207\Desktop\Cellular-Automata-Predator-vs.-Prey\Cellular Automata - Predator and Prey\Debug\glfw.pdb'; linking object as if no debug info
glfw3.lib(win32_tls.obj) : warning LNK4099: PDB 'glfw.pdb' was not found with 'glfw3.lib(win32_tls.obj)' or at 'C:\Users\cta9207\Desktop\Cellular-Automata-Predator-vs.-Prey\Cellular Automata - Predator and Prey\Debug\glfw.pdb'; linking object as if no debug info
glfw3.lib(win32_window.obj) : warning LNK4099: PDB 'glfw.pdb' was not found with 'glfw3.lib(win32_window.obj)' or at 'C:\Users\cta9207\Desktop\Cellular-Automata-Predator-vs.-Prey\Cellular Automata - Predator and Prey\Debug\glfw.pdb'; linking object as if no debug info
glfw3.lib(wgl_context.obj) : warning LNK4099: PDB 'glfw.pdb' was not found with 'glfw3.lib(wgl_context.obj)' or at 'C:\Users\cta9207\Desktop\Cellular-Automata-Predator-vs.-Prey\Cellular Automata - Predator and Prey\Debug\glfw.pdb'; linking object as if no debug info
glfw3.lib(egl_context.obj) : warning LNK4099: PDB 'glfw.pdb' was not found with 'glfw3.lib(egl_context.obj)' or at 'C:\Users\cta9207\Desktop\Cellular-Automata-Predator-vs.-Prey\Cellular Automata - Predator and Prey\Debug\glfw.pdb'; linking object as if no debug info
  Cellular Automata - Predator and Prey.vcxproj -> C:\Users\cta9207\Desktop\Cellular-Automata-Predator-vs.-Prey\Cellular Automata - Predator and Prey\Debug\Cellular Automata - Predator and Prey.exe
